-------------------------------------------------------------------------------
Test set: com.SendyInd.JavMasters.UIContainerTest
-------------------------------------------------------------------------------
Tests run: 1, Failures: 0, Errors: 1, Skipped: 0, Time elapsed: 0.285 sec <<< FAILURE!
test_Created_UI_exists(com.SendyInd.JavMasters.UIContainerTest)  Time elapsed: 0.284 sec  <<< ERROR!
java.lang.ExceptionInInitializerError
	at java.base/jdk.internal.reflect.NativeConstructorAccessorImpl.newInstance0(Native Method)
	at java.base/jdk.internal.reflect.NativeConstructorAccessorImpl.newInstance(NativeConstructorAccessorImpl.java:62)
	at java.base/jdk.internal.reflect.DelegatingConstructorAccessorImpl.newInstance(DelegatingConstructorAccessorImpl.java:45)
	at java.base/java.lang.reflect.Constructor.newInstance(Constructor.java:490)
	at java.base/java.lang.Class.newInstance(Class.java:584)
	at javafx.fxml.FXMLLoader$InstanceDeclarationElement.constructValue(FXMLLoader.java:1019)
	at javafx.fxml.FXMLLoader$ValueElement.processStartElement(FXMLLoader.java:754)
	at javafx.fxml.FXMLLoader.processStartElement(FXMLLoader.java:2722)
	at javafx.fxml.FXMLLoader.loadImpl(FXMLLoader.java:2552)
	at javafx.fxml.FXMLLoader.loadImpl(FXMLLoader.java:2466)
	at javafx.fxml.FXMLLoader.loadImpl(FXMLLoader.java:3237)
	at javafx.fxml.FXMLLoader.loadImpl(FXMLLoader.java:3194)
	at javafx.fxml.FXMLLoader.loadImpl(FXMLLoader.java:3163)
	at javafx.fxml.FXMLLoader.loadImpl(FXMLLoader.java:3136)
	at javafx.fxml.FXMLLoader.loadImpl(FXMLLoader.java:3113)
	at javafx.fxml.FXMLLoader.load(FXMLLoader.java:3106)
	at com.SendyInd.JavMasters.UIContainer.buildContent(UIContainer.java:33)
	at com.SendyInd.JavMasters.UIContainer.<init>(UIContainer.java:19)
	at com.SendyInd.JavMasters.UIContainerTest.test_Created_UI_exists(UIContainerTest.java:32)
Caused by: java.lang.IllegalStateException: Toolkit not initialized
	at com.sun.javafx.application.PlatformImpl.runLater(PlatformImpl.java:410)
	at com.sun.javafx.application.PlatformImpl.runLater(PlatformImpl.java:405)
	at com.sun.javafx.application.PlatformImpl.setPlatformUserAgentStylesheet(PlatformImpl.java:695)
	at com.sun.javafx.application.PlatformImpl.setDefaultPlatformUserAgentStylesheet(PlatformImpl.java:657)
	at javafx.scene.control.Control.<clinit>(Control.java:99)
	... 47 more

