<?xml version="1.0" encoding="UTF-8" ?>
<testsuite tests="6" failures="0" name="com.SendyInd.JavMasters.DiceTest" time="0" errors="0" skipped="0">
  <properties>
[...]
</properties>
  <testcase classname="com.SendyInd.JavMasters.DiceTest" name="test_Roll_Many_Times" time="0"/>
  <testcase classname="com.SendyInd.JavMasters.DiceTest" name="test_Given_Dice_Name" time="0"/>
  <testcase classname="com.SendyInd.JavMasters.DiceTest" name="test_Roll_Returns_Up_To_Sides" time="0"/>
  <testcase classname="com.SendyInd.JavMasters.DiceTest" name="test_Given_Dice_Sides" time="0"/>
  <testcase classname="com.SendyInd.JavMasters.DiceTest" name="test_Default_Dice_Name" time="0"/>
  <testcase classname="com.SendyInd.JavMasters.DiceTest" name="test_Default_Dice_Sides" time="0"/>
</testsuite>