<?xml version="1.0" encoding="UTF-8" ?>
<testsuite tests="1" failures="0" name="com.SendyInd.JavMasters.UIContainerTest" time="0.284" errors="1" skipped="0">
  <properties>
[...]
</properties>
  <testcase classname="com.SendyInd.JavMasters.UIContainerTest" name="test_Created_UI_exists" time="0.284">
    <error type="java.lang.ExceptionInInitializerError">java.lang.ExceptionInInitializerError
	at java.base/jdk.internal.reflect.NativeConstructorAccessorImpl.newInstance0(Native Method)
	at java.base/jdk.internal.reflect.NativeConstructorAccessorImpl.newInstance(NativeConstructorAccessorImpl.java:62)
	at java.base/jdk.internal.reflect.DelegatingConstructorAccessorImpl.newInstance(DelegatingConstructorAccessorImpl.java:45)
	at java.base/java.lang.reflect.Constructor.newInstance(Constructor.java:490)
	at java.base/java.lang.Class.newInstance(Class.java:584)
	at javafx.fxml.FXMLLoader$InstanceDeclarationElement.constructValue(FXMLLoader.java:1019)
	at javafx.fxml.FXMLLoader$ValueElement.processStartElement(FXMLLoader.java:754)
	at javafx.fxml.FXMLLoader.processStartElement(FXMLLoader.java:2722)
	at javafx.fxml.FXMLLoader.loadImpl(FXMLLoader.java:2552)
	at javafx.fxml.FXMLLoader.loadImpl(FXMLLoader.java:2466)
	at javafx.fxml.FXMLLoader.loadImpl(FXMLLoader.java:3237)
	at javafx.fxml.FXMLLoader.loadImpl(FXMLLoader.java:3194)
	at javafx.fxml.FXMLLoader.loadImpl(FXMLLoader.java:3163)
	at javafx.fxml.FXMLLoader.loadImpl(FXMLLoader.java:3136)
	at javafx.fxml.FXMLLoader.loadImpl(FXMLLoader.java:3113)
	at javafx.fxml.FXMLLoader.load(FXMLLoader.java:3106)
	at com.SendyInd.JavMasters.UIContainer.buildContent(UIContainer.java:33)
	at com.SendyInd.JavMasters.UIContainer.&lt;init&gt;(UIContainer.java:19)
	at com.SendyInd.JavMasters.UIContainerTest.test_Created_UI_exists(UIContainerTest.java:32)
Caused by: java.lang.IllegalStateException: Toolkit not initialized
	at com.sun.javafx.application.PlatformImpl.runLater(PlatformImpl.java:410)
	at com.sun.javafx.application.PlatformImpl.runLater(PlatformImpl.java:405)
	at com.sun.javafx.application.PlatformImpl.setPlatformUserAgentStylesheet(PlatformImpl.java:695)
	at com.sun.javafx.application.PlatformImpl.setDefaultPlatformUserAgentStylesheet(PlatformImpl.java:657)
	at javafx.scene.control.Control.&lt;clinit&gt;(Control.java:99)
	... 47 more
</error>
  </testcase>
</testsuite>